2025-10-18 23:04:42,881 - knowledge_updater.core.logging - INFO - {"level": "info", "file_path": "./logs/knowledge_updater.log", "event": "Logging system initialized", "logger": "knowledge_updater.core.logging", "timestamp": "2025-10-18T17:34:42.881311Z"}
2025-10-18 23:04:42,882 - knowledge_updater.vector_db.faiss_client - INFO - {"embedding_dim": 384, "event": "Created new FAISS index", "logger": "knowledge_updater.vector_db.faiss_client", "level": "info", "timestamp": "2025-10-18T17:34:42.882311Z"}
2025-10-18 23:04:42,883 - knowledge_updater.vector_db.faiss_client - INFO - {"persist_directory": "./data/faiss", "collection": "knowledge_base", "vectors_count": 0, "event": "FAISS client initialized", "logger": "knowledge_updater.vector_db.faiss_client", "level": "info", "timestamp": "2025-10-18T17:34:42.883313Z"}
2025-10-18 23:04:42,884 - knowledge_updater.embeddings.sentence_bert - INFO - {"model": "sentence-transformers/all-MiniLM-L6-v2", "event": "Loading Sentence-BERT model", "logger": "knowledge_updater.embeddings.sentence_bert", "level": "info", "timestamp": "2025-10-18T17:34:42.884317Z"}
2025-10-18 23:04:42,886 - sentence_transformers.SentenceTransformer - INFO - Load pretrained SentenceTransformer: sentence-transformers/all-MiniLM-L6-v2
2025-10-18 23:04:47,250 - huggingface_hub.file_download - WARNING - Xet Storage is enabled for this repo, but the 'hf_xet' package is not installed. Falling back to regular HTTP download. For better performance, install the package with: `pip install huggingface_hub[hf_xet]` or `pip install hf_xet`
2025-10-18 23:05:18,031 - knowledge_updater.embeddings.sentence_bert - INFO - {"model": "sentence-transformers/all-MiniLM-L6-v2", "device": "cpu", "event": "Sentence-BERT model loaded successfully", "logger": "knowledge_updater.embeddings.sentence_bert", "level": "info", "timestamp": "2025-10-18T17:35:18.031006Z"}
2025-10-18 23:05:18,031 - knowledge_updater.embeddings.sentence_bert - INFO - {"model": "sentence-transformers/all-MiniLM-L6-v2", "device": "cpu", "batch_size": 32, "event": "Sentence-BERT embeddings initialized", "logger": "knowledge_updater.embeddings.sentence_bert", "level": "info", "timestamp": "2025-10-18T17:35:18.031006Z"}
2025-10-18 23:05:18,032 - knowledge_updater.embeddings.generator - INFO - {"provider": "sentence_bert", "backend_type": "SentenceBERTEmbeddings", "event": "Embedding generator initialized", "logger": "knowledge_updater.embeddings.generator", "level": "info", "timestamp": "2025-10-18T17:35:18.032120Z"}
2025-10-18 23:05:18,033 - knowledge_updater.vector_db.manager - INFO - {"provider": "faiss", "collection": "knowledge_base", "event": "Vector database manager initialized", "logger": "knowledge_updater.vector_db.manager", "level": "info", "timestamp": "2025-10-18T17:35:18.033003Z"}
2025-10-18 23:05:18,182 - knowledge_updater.embeddings.generator - INFO - {"text_count": 1, "embedding_count": 1, "generation_time": "0.149s", "avg_time_per_text": "0.149s", "event": "Embeddings generated successfully", "logger": "knowledge_updater.embeddings.generator", "level": "info", "timestamp": "2025-10-18T17:35:18.182002Z"}
2025-10-18 23:05:18,182 - knowledge_updater.vector_db.faiss_client - INFO - {"embedding_dim": 384, "event": "Created new FAISS index", "logger": "knowledge_updater.vector_db.faiss_client", "level": "info", "timestamp": "2025-10-18T17:35:18.182002Z"}
2025-10-18 23:05:18,182 - knowledge_updater.vector_db.faiss_client - INFO - {"persist_directory": "./data/faiss", "collection": "knowledge_base", "vectors_count": 0, "event": "FAISS client initialized", "logger": "knowledge_updater.vector_db.faiss_client", "level": "info", "timestamp": "2025-10-18T17:35:18.182996Z"}
2025-10-18 23:05:18,182 - knowledge_updater.embeddings.sentence_bert - INFO - {"model": "sentence-transformers/all-MiniLM-L6-v2", "event": "Loading Sentence-BERT model", "logger": "knowledge_updater.embeddings.sentence_bert", "level": "info", "timestamp": "2025-10-18T17:35:18.182996Z"}
2025-10-18 23:05:18,184 - sentence_transformers.SentenceTransformer - INFO - Load pretrained SentenceTransformer: sentence-transformers/all-MiniLM-L6-v2
2025-10-18 23:05:21,827 - knowledge_updater.embeddings.sentence_bert - INFO - {"model": "sentence-transformers/all-MiniLM-L6-v2", "device": "cpu", "event": "Sentence-BERT model loaded successfully", "logger": "knowledge_updater.embeddings.sentence_bert", "level": "info", "timestamp": "2025-10-18T17:35:21.827913Z"}
2025-10-18 23:05:21,827 - knowledge_updater.embeddings.sentence_bert - INFO - {"model": "sentence-transformers/all-MiniLM-L6-v2", "device": "cpu", "batch_size": 32, "event": "Sentence-BERT embeddings initialized", "logger": "knowledge_updater.embeddings.sentence_bert", "level": "info", "timestamp": "2025-10-18T17:35:21.827913Z"}
2025-10-18 23:05:21,827 - knowledge_updater.embeddings.generator - INFO - {"provider": "sentence_bert", "backend_type": "SentenceBERTEmbeddings", "event": "Embedding generator initialized", "logger": "knowledge_updater.embeddings.generator", "level": "info", "timestamp": "2025-10-18T17:35:21.827913Z"}
2025-10-18 23:05:21,828 - knowledge_updater.vector_db.manager - INFO - {"provider": "faiss", "collection": "knowledge_base", "event": "Vector database manager initialized", "logger": "knowledge_updater.vector_db.manager", "level": "info", "timestamp": "2025-10-18T17:35:21.828823Z"}
2025-10-18 23:05:21,828 - knowledge_updater.embeddings.sentence_bert - INFO - {"model": "sentence-transformers/all-MiniLM-L6-v2", "event": "Loading Sentence-BERT model", "logger": "knowledge_updater.embeddings.sentence_bert", "level": "info", "timestamp": "2025-10-18T17:35:21.828823Z"}
2025-10-18 23:05:21,831 - sentence_transformers.SentenceTransformer - INFO - Load pretrained SentenceTransformer: sentence-transformers/all-MiniLM-L6-v2
2025-10-18 23:05:25,808 - knowledge_updater.embeddings.sentence_bert - INFO - {"model": "sentence-transformers/all-MiniLM-L6-v2", "device": "cpu", "event": "Sentence-BERT model loaded successfully", "logger": "knowledge_updater.embeddings.sentence_bert", "level": "info", "timestamp": "2025-10-18T17:35:25.807010Z"}
2025-10-18 23:05:25,808 - knowledge_updater.embeddings.sentence_bert - INFO - {"model": "sentence-transformers/all-MiniLM-L6-v2", "device": "cpu", "batch_size": 32, "event": "Sentence-BERT embeddings initialized", "logger": "knowledge_updater.embeddings.sentence_bert", "level": "info", "timestamp": "2025-10-18T17:35:25.808025Z"}
2025-10-18 23:05:25,808 - knowledge_updater.embeddings.generator - INFO - {"provider": "sentence_bert", "backend_type": "SentenceBERTEmbeddings", "event": "Embedding generator initialized", "logger": "knowledge_updater.embeddings.generator", "level": "info", "timestamp": "2025-10-18T17:35:25.808025Z"}
2025-10-18 23:05:25,808 - knowledge_updater.query.enhancer - INFO - {"max_context_results": 5, "similarity_threshold": 0.7, "event": "Query enhancer initialized", "logger": "knowledge_updater.query.enhancer", "level": "info", "timestamp": "2025-10-18T17:35:25.808025Z"}
2025-10-18 23:05:25,865 - knowledge_updater.embeddings.generator - INFO - {"text_count": 1, "embedding_count": 1, "generation_time": "0.057s", "avg_time_per_text": "0.057s", "event": "Embeddings generated successfully", "logger": "knowledge_updater.embeddings.generator", "level": "info", "timestamp": "2025-10-18T17:35:25.865906Z"}
2025-10-18 23:05:25,865 - knowledge_updater.vector_db.manager - INFO - {"query_length": 56, "results_found": 0, "results_returned": 0, "query_time": "0.057s", "event": "Knowledge base query completed", "logger": "knowledge_updater.vector_db.manager", "level": "info", "timestamp": "2025-10-18T17:35:25.865906Z"}
2025-10-18 23:05:25,866 - knowledge_updater.query.enhancer - INFO - {"query_length": 32, "results_found": 0, "enhancement_time_ms": "58.0", "within_time_limit": true, "event": "Query enhancement completed", "logger": "knowledge_updater.query.enhancer", "level": "info", "timestamp": "2025-10-18T17:35:25.866908Z"}
2025-10-18 23:07:06,065 - knowledge_updater.core.logging - INFO - {"level": "info", "file_path": "./logs/knowledge_updater.log", "event": "Logging system initialized", "logger": "knowledge_updater.core.logging", "timestamp": "2025-10-18T17:37:06.065022Z"}
2025-10-18 23:07:06,067 - knowledge_updater.vector_db.faiss_client - INFO - {"embedding_dim": 384, "event": "Created new FAISS index", "logger": "knowledge_updater.vector_db.faiss_client", "level": "info", "timestamp": "2025-10-18T17:37:06.067021Z"}
2025-10-18 23:07:06,067 - knowledge_updater.vector_db.faiss_client - INFO - {"persist_directory": "./data/faiss", "collection": "knowledge_base", "vectors_count": 0, "event": "FAISS client initialized", "logger": "knowledge_updater.vector_db.faiss_client", "level": "info", "timestamp": "2025-10-18T17:37:06.067021Z"}
2025-10-18 23:07:06,067 - knowledge_updater.embeddings.sentence_bert - INFO - {"model": "sentence-transformers/all-MiniLM-L6-v2", "event": "Loading Sentence-BERT model", "logger": "knowledge_updater.embeddings.sentence_bert", "level": "info", "timestamp": "2025-10-18T17:37:06.067021Z"}
2025-10-18 23:07:06,068 - sentence_transformers.SentenceTransformer - INFO - Load pretrained SentenceTransformer: sentence-transformers/all-MiniLM-L6-v2
2025-10-18 23:07:09,798 - knowledge_updater.embeddings.sentence_bert - INFO - {"model": "sentence-transformers/all-MiniLM-L6-v2", "device": "cpu", "event": "Sentence-BERT model loaded successfully", "logger": "knowledge_updater.embeddings.sentence_bert", "level": "info", "timestamp": "2025-10-18T17:37:09.798121Z"}
2025-10-18 23:07:09,798 - knowledge_updater.embeddings.sentence_bert - INFO - {"model": "sentence-transformers/all-MiniLM-L6-v2", "device": "cpu", "batch_size": 32, "event": "Sentence-BERT embeddings initialized", "logger": "knowledge_updater.embeddings.sentence_bert", "level": "info", "timestamp": "2025-10-18T17:37:09.798121Z"}
2025-10-18 23:07:09,798 - knowledge_updater.embeddings.generator - INFO - {"provider": "sentence_bert", "backend_type": "SentenceBERTEmbeddings", "event": "Embedding generator initialized", "logger": "knowledge_updater.embeddings.generator", "level": "info", "timestamp": "2025-10-18T17:37:09.798121Z"}
2025-10-18 23:07:09,799 - knowledge_updater.vector_db.manager - INFO - {"provider": "faiss", "collection": "knowledge_base", "event": "Vector database manager initialized", "logger": "knowledge_updater.vector_db.manager", "level": "info", "timestamp": "2025-10-18T17:37:09.799123Z"}
2025-10-18 23:07:09,843 - knowledge_updater.embeddings.generator - INFO - {"text_count": 1, "embedding_count": 1, "generation_time": "0.043s", "avg_time_per_text": "0.043s", "event": "Embeddings generated successfully", "logger": "knowledge_updater.embeddings.generator", "level": "info", "timestamp": "2025-10-18T17:37:09.842126Z"}
2025-10-18 23:07:09,845 - knowledge_updater.vector_db.faiss_client - INFO - {"embedding_dim": 384, "event": "Created new FAISS index", "logger": "knowledge_updater.vector_db.faiss_client", "level": "info", "timestamp": "2025-10-18T17:37:09.844125Z"}
2025-10-18 23:07:09,845 - knowledge_updater.vector_db.faiss_client - INFO - {"persist_directory": "./data/faiss", "collection": "knowledge_base", "vectors_count": 0, "event": "FAISS client initialized", "logger": "knowledge_updater.vector_db.faiss_client", "level": "info", "timestamp": "2025-10-18T17:37:09.845126Z"}
2025-10-18 23:07:09,846 - knowledge_updater.embeddings.sentence_bert - INFO - {"model": "sentence-transformers/all-MiniLM-L6-v2", "event": "Loading Sentence-BERT model", "logger": "knowledge_updater.embeddings.sentence_bert", "level": "info", "timestamp": "2025-10-18T17:37:09.846124Z"}
2025-10-18 23:07:09,848 - sentence_transformers.SentenceTransformer - INFO - Load pretrained SentenceTransformer: sentence-transformers/all-MiniLM-L6-v2
2025-10-18 23:07:13,834 - knowledge_updater.embeddings.sentence_bert - INFO - {"model": "sentence-transformers/all-MiniLM-L6-v2", "device": "cpu", "event": "Sentence-BERT model loaded successfully", "logger": "knowledge_updater.embeddings.sentence_bert", "level": "info", "timestamp": "2025-10-18T17:37:13.833578Z"}
2025-10-18 23:07:13,835 - knowledge_updater.embeddings.sentence_bert - INFO - {"model": "sentence-transformers/all-MiniLM-L6-v2", "device": "cpu", "batch_size": 32, "event": "Sentence-BERT embeddings initialized", "logger": "knowledge_updater.embeddings.sentence_bert", "level": "info", "timestamp": "2025-10-18T17:37:13.835478Z"}
2025-10-18 23:07:13,835 - knowledge_updater.embeddings.generator - INFO - {"provider": "sentence_bert", "backend_type": "SentenceBERTEmbeddings", "event": "Embedding generator initialized", "logger": "knowledge_updater.embeddings.generator", "level": "info", "timestamp": "2025-10-18T17:37:13.835478Z"}
2025-10-18 23:07:13,836 - knowledge_updater.vector_db.manager - INFO - {"provider": "faiss", "collection": "knowledge_base", "event": "Vector database manager initialized", "logger": "knowledge_updater.vector_db.manager", "level": "info", "timestamp": "2025-10-18T17:37:13.836472Z"}
2025-10-18 23:07:13,836 - knowledge_updater.embeddings.sentence_bert - INFO - {"model": "sentence-transformers/all-MiniLM-L6-v2", "event": "Loading Sentence-BERT model", "logger": "knowledge_updater.embeddings.sentence_bert", "level": "info", "timestamp": "2025-10-18T17:37:13.836472Z"}
2025-10-18 23:07:13,837 - sentence_transformers.SentenceTransformer - INFO - Load pretrained SentenceTransformer: sentence-transformers/all-MiniLM-L6-v2
2025-10-18 23:07:19,048 - knowledge_updater.embeddings.sentence_bert - INFO - {"model": "sentence-transformers/all-MiniLM-L6-v2", "device": "cpu", "event": "Sentence-BERT model loaded successfully", "logger": "knowledge_updater.embeddings.sentence_bert", "level": "info", "timestamp": "2025-10-18T17:37:19.048751Z"}
2025-10-18 23:07:19,049 - knowledge_updater.embeddings.sentence_bert - INFO - {"model": "sentence-transformers/all-MiniLM-L6-v2", "device": "cpu", "batch_size": 32, "event": "Sentence-BERT embeddings initialized", "logger": "knowledge_updater.embeddings.sentence_bert", "level": "info", "timestamp": "2025-10-18T17:37:19.049439Z"}
2025-10-18 23:07:19,049 - knowledge_updater.embeddings.generator - INFO - {"provider": "sentence_bert", "backend_type": "SentenceBERTEmbeddings", "event": "Embedding generator initialized", "logger": "knowledge_updater.embeddings.generator", "level": "info", "timestamp": "2025-10-18T17:37:19.049439Z"}
2025-10-18 23:07:19,050 - knowledge_updater.query.enhancer - INFO - {"max_context_results": 5, "similarity_threshold": 0.7, "event": "Query enhancer initialized", "logger": "knowledge_updater.query.enhancer", "level": "info", "timestamp": "2025-10-18T17:37:19.050098Z"}
2025-10-18 23:07:19,067 - knowledge_updater.embeddings.generator - INFO - {"text_count": 1, "embedding_count": 1, "generation_time": "0.018s", "avg_time_per_text": "0.018s", "event": "Embeddings generated successfully", "logger": "knowledge_updater.embeddings.generator", "level": "info", "timestamp": "2025-10-18T17:37:19.067895Z"}
2025-10-18 23:07:19,068 - knowledge_updater.vector_db.manager - INFO - {"query_length": 56, "results_found": 0, "results_returned": 0, "query_time": "0.018s", "event": "Knowledge base query completed", "logger": "knowledge_updater.vector_db.manager", "level": "info", "timestamp": "2025-10-18T17:37:19.068427Z"}
2025-10-18 23:07:19,068 - knowledge_updater.query.enhancer - INFO - {"query_length": 32, "results_found": 0, "enhancement_time_ms": "18.9", "within_time_limit": true, "event": "Query enhancement completed", "logger": "knowledge_updater.query.enhancer", "level": "info", "timestamp": "2025-10-18T17:37:19.068956Z"}
2025-10-18 23:11:03,986 - knowledge_updater.core.logging - INFO - {"level": "info", "file_path": "./logs/knowledge_updater.log", "event": "Logging system initialized", "logger": "knowledge_updater.core.logging", "timestamp": "2025-10-18T17:41:03.986037Z"}
2025-10-18 23:11:03,986 - knowledge_updater.vector_db.faiss_client - INFO - {"embedding_dim": 384, "event": "Created new FAISS index", "logger": "knowledge_updater.vector_db.faiss_client", "level": "info", "timestamp": "2025-10-18T17:41:03.986936Z"}
2025-10-18 23:11:03,986 - knowledge_updater.vector_db.faiss_client - INFO - {"persist_directory": "./data/faiss", "collection": "knowledge_base", "vectors_count": 0, "event": "FAISS client initialized", "logger": "knowledge_updater.vector_db.faiss_client", "level": "info", "timestamp": "2025-10-18T17:41:03.986936Z"}
2025-10-18 23:11:03,986 - knowledge_updater.embeddings.sentence_bert - INFO - {"model": "sentence-transformers/all-MiniLM-L6-v2", "event": "Loading Sentence-BERT model", "logger": "knowledge_updater.embeddings.sentence_bert", "level": "info", "timestamp": "2025-10-18T17:41:03.986936Z"}
2025-10-18 23:11:03,987 - sentence_transformers.SentenceTransformer - INFO - Load pretrained SentenceTransformer: sentence-transformers/all-MiniLM-L6-v2
2025-10-18 23:11:08,365 - knowledge_updater.embeddings.sentence_bert - INFO - {"model": "sentence-transformers/all-MiniLM-L6-v2", "device": "cpu", "event": "Sentence-BERT model loaded successfully", "logger": "knowledge_updater.embeddings.sentence_bert", "level": "info", "timestamp": "2025-10-18T17:41:08.365218Z"}
2025-10-18 23:11:08,366 - knowledge_updater.embeddings.sentence_bert - INFO - {"model": "sentence-transformers/all-MiniLM-L6-v2", "device": "cpu", "batch_size": 32, "event": "Sentence-BERT embeddings initialized", "logger": "knowledge_updater.embeddings.sentence_bert", "level": "info", "timestamp": "2025-10-18T17:41:08.366215Z"}
2025-10-18 23:11:08,367 - knowledge_updater.embeddings.generator - INFO - {"provider": "sentence_bert", "backend_type": "SentenceBERTEmbeddings", "event": "Embedding generator initialized", "logger": "knowledge_updater.embeddings.generator", "level": "info", "timestamp": "2025-10-18T17:41:08.366215Z"}
2025-10-18 23:11:08,367 - knowledge_updater.vector_db.manager - INFO - {"provider": "faiss", "collection": "knowledge_base", "event": "Vector database manager initialized", "logger": "knowledge_updater.vector_db.manager", "level": "info", "timestamp": "2025-10-18T17:41:08.367105Z"}
2025-10-18 23:11:08,368 - knowledge_updater.data_sources.manager - INFO - {"event": "Starting data source fetch", "logger": "knowledge_updater.data_sources.manager", "level": "info", "timestamp": "2025-10-18T17:41:08.368175Z"}
2025-10-18 23:11:11,595 - knowledge_updater.data_sources.manager - INFO - {"count": 0, "event": "RSS feeds processed", "logger": "knowledge_updater.data_sources.manager", "level": "info", "timestamp": "2025-10-18T17:41:11.594158Z"}
2025-10-18 23:11:12,235 - knowledge_updater.data_sources.api_handler - ERROR - {"url": "https://newsapi.org/v2/top-headlines", "error": "401 Client Error: Unauthorized for url: https://newsapi.org/v2/top-headlines?category=technology&language=en&pageSize=50", "event": "API request failed", "logger": "knowledge_updater.data_sources.api_handler", "level": "error", "timestamp": "2025-10-18T17:41:12.235773Z"}
2025-10-18 23:11:12,236 - knowledge_updater.data_sources.api_handler - ERROR - {"endpoint": "/top-headlines", "error": "401 Client Error: Unauthorized for url: https://newsapi.org/v2/top-headlines?category=technology&language=en&pageSize=50", "event": "Failed to fetch endpoint", "logger": "knowledge_updater.data_sources.api_handler", "level": "error", "timestamp": "2025-10-18T17:41:12.236661Z"}
2025-10-18 23:11:12,955 - knowledge_updater.data_sources.api_handler - ERROR - {"url": "https://en.wikipedia.org/api/rest_v1/page/recent-changes", "error": "404 Client Error: Not Found for url: https://en.wikipedia.org/api/rest_v1/page/recent-changes?limit=50", "event": "API request failed", "logger": "knowledge_updater.data_sources.api_handler", "level": "error", "timestamp": "2025-10-18T17:41:12.955338Z"}
2025-10-18 23:11:12,956 - knowledge_updater.data_sources.api_handler - ERROR - {"endpoint": "/page/recent-changes", "error": "404 Client Error: Not Found for url: https://en.wikipedia.org/api/rest_v1/page/recent-changes?limit=50", "event": "Failed to fetch endpoint", "logger": "knowledge_updater.data_sources.api_handler", "level": "error", "timestamp": "2025-10-18T17:41:12.956426Z"}
2025-10-18 23:11:12,957 - knowledge_updater.data_sources.manager - INFO - {"count": 0, "event": "APIs processed", "logger": "knowledge_updater.data_sources.manager", "level": "info", "timestamp": "2025-10-18T17:41:12.957364Z"}
2025-10-18 23:11:12,958 - knowledge_updater.data_sources.manager - INFO - {"total_articles": 0, "fetch_time": "4.59s", "event": "Data source fetch completed", "logger": "knowledge_updater.data_sources.manager", "level": "info", "timestamp": "2025-10-18T17:41:12.957364Z"}
2025-10-18 23:12:10,080 - knowledge_updater.core.logging - INFO - {"level": "info", "file_path": "./logs/knowledge_updater.log", "event": "Logging system initialized", "logger": "knowledge_updater.core.logging", "timestamp": "2025-10-18T17:42:10.080941Z"}
2025-10-18 23:12:10,081 - knowledge_updater.vector_db.faiss_client - INFO - {"embedding_dim": 384, "event": "Created new FAISS index", "logger": "knowledge_updater.vector_db.faiss_client", "level": "info", "timestamp": "2025-10-18T17:42:10.081941Z"}
2025-10-18 23:12:10,081 - knowledge_updater.vector_db.faiss_client - INFO - {"persist_directory": "./data/faiss", "collection": "knowledge_base", "vectors_count": 0, "event": "FAISS client initialized", "logger": "knowledge_updater.vector_db.faiss_client", "level": "info", "timestamp": "2025-10-18T17:42:10.081941Z"}
2025-10-18 23:12:10,082 - knowledge_updater.embeddings.sentence_bert - INFO - {"model": "sentence-transformers/all-MiniLM-L6-v2", "event": "Loading Sentence-BERT model", "logger": "knowledge_updater.embeddings.sentence_bert", "level": "info", "timestamp": "2025-10-18T17:42:10.082925Z"}
2025-10-18 23:12:10,083 - sentence_transformers.SentenceTransformer - INFO - Load pretrained SentenceTransformer: sentence-transformers/all-MiniLM-L6-v2
2025-10-18 23:12:13,688 - knowledge_updater.embeddings.sentence_bert - INFO - {"model": "sentence-transformers/all-MiniLM-L6-v2", "device": "cpu", "event": "Sentence-BERT model loaded successfully", "logger": "knowledge_updater.embeddings.sentence_bert", "level": "info", "timestamp": "2025-10-18T17:42:13.688343Z"}
2025-10-18 23:12:13,689 - knowledge_updater.embeddings.sentence_bert - INFO - {"model": "sentence-transformers/all-MiniLM-L6-v2", "device": "cpu", "batch_size": 32, "event": "Sentence-BERT embeddings initialized", "logger": "knowledge_updater.embeddings.sentence_bert", "level": "info", "timestamp": "2025-10-18T17:42:13.689247Z"}
2025-10-18 23:12:13,689 - knowledge_updater.embeddings.generator - INFO - {"provider": "sentence_bert", "backend_type": "SentenceBERTEmbeddings", "event": "Embedding generator initialized", "logger": "knowledge_updater.embeddings.generator", "level": "info", "timestamp": "2025-10-18T17:42:13.689247Z"}
2025-10-18 23:12:13,689 - knowledge_updater.vector_db.manager - INFO - {"provider": "faiss", "collection": "knowledge_base", "event": "Vector database manager initialized", "logger": "knowledge_updater.vector_db.manager", "level": "info", "timestamp": "2025-10-18T17:42:13.689247Z"}
2025-10-18 23:12:13,689 - knowledge_updater.embeddings.sentence_bert - INFO - {"model": "sentence-transformers/all-MiniLM-L6-v2", "event": "Loading Sentence-BERT model", "logger": "knowledge_updater.embeddings.sentence_bert", "level": "info", "timestamp": "2025-10-18T17:42:13.689247Z"}
2025-10-18 23:12:13,690 - sentence_transformers.SentenceTransformer - INFO - Load pretrained SentenceTransformer: sentence-transformers/all-MiniLM-L6-v2
2025-10-18 23:12:16,888 - knowledge_updater.embeddings.sentence_bert - INFO - {"model": "sentence-transformers/all-MiniLM-L6-v2", "device": "cpu", "event": "Sentence-BERT model loaded successfully", "logger": "knowledge_updater.embeddings.sentence_bert", "level": "info", "timestamp": "2025-10-18T17:42:16.887708Z"}
2025-10-18 23:12:16,888 - knowledge_updater.embeddings.sentence_bert - INFO - {"model": "sentence-transformers/all-MiniLM-L6-v2", "device": "cpu", "batch_size": 32, "event": "Sentence-BERT embeddings initialized", "logger": "knowledge_updater.embeddings.sentence_bert", "level": "info", "timestamp": "2025-10-18T17:42:16.888709Z"}
2025-10-18 23:12:16,889 - knowledge_updater.embeddings.generator - INFO - {"provider": "sentence_bert", "backend_type": "SentenceBERTEmbeddings", "event": "Embedding generator initialized", "logger": "knowledge_updater.embeddings.generator", "level": "info", "timestamp": "2025-10-18T17:42:16.889711Z"}
2025-10-18 23:12:16,890 - knowledge_updater.query.enhancer - INFO - {"max_context_results": 5, "similarity_threshold": 0.7, "event": "Query enhancer initialized", "logger": "knowledge_updater.query.enhancer", "level": "info", "timestamp": "2025-10-18T17:42:16.890711Z"}
2025-10-18 23:12:16,938 - knowledge_updater.embeddings.generator - INFO - {"text_count": 1, "embedding_count": 1, "generation_time": "0.047s", "avg_time_per_text": "0.047s", "event": "Embeddings generated successfully", "logger": "knowledge_updater.embeddings.generator", "level": "info", "timestamp": "2025-10-18T17:42:16.938722Z"}
2025-10-18 23:12:16,938 - knowledge_updater.vector_db.manager - INFO - {"query_length": 85, "results_found": 0, "results_returned": 0, "query_time": "0.047s", "event": "Knowledge base query completed", "logger": "knowledge_updater.vector_db.manager", "level": "info", "timestamp": "2025-10-18T17:42:16.938722Z"}
2025-10-18 23:12:16,939 - knowledge_updater.query.enhancer - INFO - {"query_length": 54, "results_found": 0, "enhancement_time_ms": "49.0", "within_time_limit": true, "event": "Query enhancement completed", "logger": "knowledge_updater.query.enhancer", "level": "info", "timestamp": "2025-10-18T17:42:16.939705Z"}
2025-10-18 23:13:47,055 - knowledge_updater.core.logging - INFO - {"level": "info", "file_path": "./logs/knowledge_updater.log", "event": "Logging system initialized", "logger": "knowledge_updater.core.logging", "timestamp": "2025-10-18T17:43:47.055920Z"}
2025-10-18 23:13:47,056 - knowledge_updater.vector_db.faiss_client - INFO - {"embedding_dim": 384, "event": "Created new FAISS index", "logger": "knowledge_updater.vector_db.faiss_client", "level": "info", "timestamp": "2025-10-18T17:43:47.056904Z"}
2025-10-18 23:13:47,056 - knowledge_updater.vector_db.faiss_client - INFO - {"persist_directory": "./data/faiss", "collection": "knowledge_base", "vectors_count": 0, "event": "FAISS client initialized", "logger": "knowledge_updater.vector_db.faiss_client", "level": "info", "timestamp": "2025-10-18T17:43:47.056904Z"}
2025-10-18 23:13:47,056 - knowledge_updater.embeddings.sentence_bert - INFO - {"model": "sentence-transformers/all-MiniLM-L6-v2", "event": "Loading Sentence-BERT model", "logger": "knowledge_updater.embeddings.sentence_bert", "level": "info", "timestamp": "2025-10-18T17:43:47.056904Z"}
2025-10-18 23:13:47,057 - sentence_transformers.SentenceTransformer - INFO - Load pretrained SentenceTransformer: sentence-transformers/all-MiniLM-L6-v2
2025-10-18 23:13:51,173 - knowledge_updater.embeddings.sentence_bert - INFO - {"model": "sentence-transformers/all-MiniLM-L6-v2", "device": "cpu", "event": "Sentence-BERT model loaded successfully", "logger": "knowledge_updater.embeddings.sentence_bert", "level": "info", "timestamp": "2025-10-18T17:43:51.173570Z"}
2025-10-18 23:13:51,174 - knowledge_updater.embeddings.sentence_bert - INFO - {"model": "sentence-transformers/all-MiniLM-L6-v2", "device": "cpu", "batch_size": 32, "event": "Sentence-BERT embeddings initialized", "logger": "knowledge_updater.embeddings.sentence_bert", "level": "info", "timestamp": "2025-10-18T17:43:51.174569Z"}
2025-10-18 23:13:51,174 - knowledge_updater.embeddings.generator - INFO - {"provider": "sentence_bert", "backend_type": "SentenceBERTEmbeddings", "event": "Embedding generator initialized", "logger": "knowledge_updater.embeddings.generator", "level": "info", "timestamp": "2025-10-18T17:43:51.174569Z"}
2025-10-18 23:13:51,175 - knowledge_updater.vector_db.manager - INFO - {"provider": "faiss", "collection": "knowledge_base", "event": "Vector database manager initialized", "logger": "knowledge_updater.vector_db.manager", "level": "info", "timestamp": "2025-10-18T17:43:51.175554Z"}
2025-10-18 23:13:51,175 - knowledge_updater.data_sources.manager - INFO - {"event": "Starting data source fetch", "logger": "knowledge_updater.data_sources.manager", "level": "info", "timestamp": "2025-10-18T17:43:51.175554Z"}
2025-10-18 23:13:52,970 - knowledge_updater.data_sources.manager - INFO - {"count": 0, "event": "RSS feeds processed", "logger": "knowledge_updater.data_sources.manager", "level": "info", "timestamp": "2025-10-18T17:43:52.970896Z"}
2025-10-18 23:13:53,642 - knowledge_updater.data_sources.api_handler - ERROR - {"url": "https://newsapi.org/v2/top-headlines", "error": "401 Client Error: Unauthorized for url: https://newsapi.org/v2/top-headlines?category=technology&language=en&pageSize=50", "event": "API request failed", "logger": "knowledge_updater.data_sources.api_handler", "level": "error", "timestamp": "2025-10-18T17:43:53.642537Z"}
2025-10-18 23:13:53,643 - knowledge_updater.data_sources.api_handler - ERROR - {"endpoint": "/top-headlines", "error": "401 Client Error: Unauthorized for url: https://newsapi.org/v2/top-headlines?category=technology&language=en&pageSize=50", "event": "Failed to fetch endpoint", "logger": "knowledge_updater.data_sources.api_handler", "level": "error", "timestamp": "2025-10-18T17:43:53.643533Z"}
2025-10-18 23:13:54,314 - knowledge_updater.data_sources.api_handler - ERROR - {"url": "https://en.wikipedia.org/api/rest_v1/page/recent-changes", "error": "404 Client Error: Not Found for url: https://en.wikipedia.org/api/rest_v1/page/recent-changes?limit=50", "event": "API request failed", "logger": "knowledge_updater.data_sources.api_handler", "level": "error", "timestamp": "2025-10-18T17:43:54.314654Z"}
2025-10-18 23:13:54,315 - knowledge_updater.data_sources.api_handler - ERROR - {"endpoint": "/page/recent-changes", "error": "404 Client Error: Not Found for url: https://en.wikipedia.org/api/rest_v1/page/recent-changes?limit=50", "event": "Failed to fetch endpoint", "logger": "knowledge_updater.data_sources.api_handler", "level": "error", "timestamp": "2025-10-18T17:43:54.315655Z"}
2025-10-18 23:13:54,317 - knowledge_updater.data_sources.manager - INFO - {"count": 0, "event": "APIs processed", "logger": "knowledge_updater.data_sources.manager", "level": "info", "timestamp": "2025-10-18T17:43:54.317643Z"}
2025-10-18 23:13:54,317 - knowledge_updater.data_sources.manager - INFO - {"total_articles": 0, "fetch_time": "3.14s", "event": "Data source fetch completed", "logger": "knowledge_updater.data_sources.manager", "level": "info", "timestamp": "2025-10-18T17:43:54.317643Z"}
2025-10-18 23:14:20,533 - knowledge_updater.core.logging - INFO - {"level": "info", "file_path": "./logs/knowledge_updater.log", "event": "Logging system initialized", "logger": "knowledge_updater.core.logging", "timestamp": "2025-10-18T17:44:20.533606Z"}
2025-10-18 23:14:20,534 - knowledge_updater.vector_db.faiss_client - INFO - {"embedding_dim": 384, "event": "Created new FAISS index", "logger": "knowledge_updater.vector_db.faiss_client", "level": "info", "timestamp": "2025-10-18T17:44:20.534628Z"}
2025-10-18 23:14:20,534 - knowledge_updater.vector_db.faiss_client - INFO - {"persist_directory": "./data/faiss", "collection": "knowledge_base", "vectors_count": 0, "event": "FAISS client initialized", "logger": "knowledge_updater.vector_db.faiss_client", "level": "info", "timestamp": "2025-10-18T17:44:20.534628Z"}
2025-10-18 23:14:20,535 - knowledge_updater.embeddings.sentence_bert - INFO - {"model": "sentence-transformers/all-MiniLM-L6-v2", "event": "Loading Sentence-BERT model", "logger": "knowledge_updater.embeddings.sentence_bert", "level": "info", "timestamp": "2025-10-18T17:44:20.535606Z"}
2025-10-18 23:14:20,536 - sentence_transformers.SentenceTransformer - INFO - Load pretrained SentenceTransformer: sentence-transformers/all-MiniLM-L6-v2
2025-10-18 23:14:25,434 - knowledge_updater.embeddings.sentence_bert - INFO - {"model": "sentence-transformers/all-MiniLM-L6-v2", "device": "cpu", "event": "Sentence-BERT model loaded successfully", "logger": "knowledge_updater.embeddings.sentence_bert", "level": "info", "timestamp": "2025-10-18T17:44:25.434446Z"}
2025-10-18 23:14:25,435 - knowledge_updater.embeddings.sentence_bert - INFO - {"model": "sentence-transformers/all-MiniLM-L6-v2", "device": "cpu", "batch_size": 32, "event": "Sentence-BERT embeddings initialized", "logger": "knowledge_updater.embeddings.sentence_bert", "level": "info", "timestamp": "2025-10-18T17:44:25.435422Z"}
2025-10-18 23:14:25,435 - knowledge_updater.embeddings.generator - INFO - {"provider": "sentence_bert", "backend_type": "SentenceBERTEmbeddings", "event": "Embedding generator initialized", "logger": "knowledge_updater.embeddings.generator", "level": "info", "timestamp": "2025-10-18T17:44:25.435422Z"}
2025-10-18 23:14:25,436 - knowledge_updater.vector_db.manager - INFO - {"provider": "faiss", "collection": "knowledge_base", "event": "Vector database manager initialized", "logger": "knowledge_updater.vector_db.manager", "level": "info", "timestamp": "2025-10-18T17:44:25.435422Z"}
2025-10-18 23:14:25,436 - knowledge_updater.embeddings.sentence_bert - INFO - {"model": "sentence-transformers/all-MiniLM-L6-v2", "event": "Loading Sentence-BERT model", "logger": "knowledge_updater.embeddings.sentence_bert", "level": "info", "timestamp": "2025-10-18T17:44:25.436422Z"}
2025-10-18 23:14:25,437 - sentence_transformers.SentenceTransformer - INFO - Load pretrained SentenceTransformer: sentence-transformers/all-MiniLM-L6-v2
2025-10-18 23:14:29,102 - knowledge_updater.embeddings.sentence_bert - INFO - {"model": "sentence-transformers/all-MiniLM-L6-v2", "device": "cpu", "event": "Sentence-BERT model loaded successfully", "logger": "knowledge_updater.embeddings.sentence_bert", "level": "info", "timestamp": "2025-10-18T17:44:29.101132Z"}
2025-10-18 23:14:29,102 - knowledge_updater.embeddings.sentence_bert - INFO - {"model": "sentence-transformers/all-MiniLM-L6-v2", "device": "cpu", "batch_size": 32, "event": "Sentence-BERT embeddings initialized", "logger": "knowledge_updater.embeddings.sentence_bert", "level": "info", "timestamp": "2025-10-18T17:44:29.102130Z"}
2025-10-18 23:14:29,103 - knowledge_updater.embeddings.generator - INFO - {"provider": "sentence_bert", "backend_type": "SentenceBERTEmbeddings", "event": "Embedding generator initialized", "logger": "knowledge_updater.embeddings.generator", "level": "info", "timestamp": "2025-10-18T17:44:29.103124Z"}
2025-10-18 23:14:29,103 - knowledge_updater.query.enhancer - INFO - {"max_context_results": 5, "similarity_threshold": 0.7, "event": "Query enhancer initialized", "logger": "knowledge_updater.query.enhancer", "level": "info", "timestamp": "2025-10-18T17:44:29.103124Z"}
2025-10-18 23:14:29,132 - knowledge_updater.embeddings.generator - INFO - {"text_count": 1, "embedding_count": 1, "generation_time": "0.027s", "avg_time_per_text": "0.027s", "event": "Embeddings generated successfully", "logger": "knowledge_updater.embeddings.generator", "level": "info", "timestamp": "2025-10-18T17:44:29.132199Z"}
2025-10-18 23:14:29,133 - knowledge_updater.vector_db.manager - INFO - {"query_length": 85, "results_found": 0, "results_returned": 0, "query_time": "0.027s", "event": "Knowledge base query completed", "logger": "knowledge_updater.vector_db.manager", "level": "info", "timestamp": "2025-10-18T17:44:29.132199Z"}
2025-10-18 23:14:29,133 - knowledge_updater.query.enhancer - INFO - {"query_length": 54, "results_found": 0, "enhancement_time_ms": "29.1", "within_time_limit": true, "event": "Query enhancement completed", "logger": "knowledge_updater.query.enhancer", "level": "info", "timestamp": "2025-10-18T17:44:29.133183Z"}
2025-10-18 23:14:54,374 - knowledge_updater.core.logging - INFO - {"level": "info", "file_path": "./logs/knowledge_updater.log", "event": "Logging system initialized", "logger": "knowledge_updater.core.logging", "timestamp": "2025-10-18T17:44:54.374882Z"}
2025-10-18 23:14:54,377 - apscheduler.scheduler - INFO - Adding job tentatively -- it will be properly scheduled when the scheduler starts
2025-10-18 23:14:54,377 - knowledge_updater.core.scheduler - INFO - {"job_id": "knowledge_base_update", "function": "update_knowledge_base", "trigger": "interval", "event": "Job added to scheduler", "logger": "knowledge_updater.core.scheduler", "level": "info", "timestamp": "2025-10-18T17:44:54.377864Z"}
2025-10-18 23:14:54,378 - knowledge_updater.core.scheduler - INFO - {"event": "Scheduled periodic updates every 24 hours", "logger": "knowledge_updater.core.scheduler", "level": "info", "timestamp": "2025-10-18T17:44:54.378896Z"}
2025-10-18 23:14:54,379 - apscheduler.scheduler - INFO - Added job "KnowledgeUpdateScheduler._schedule_periodic_updates.<locals>.update_knowledge_base" to job store "default"
2025-10-18 23:14:54,379 - apscheduler.scheduler - INFO - Scheduler started
2025-10-18 23:14:54,380 - knowledge_updater.core.scheduler - INFO - {"max_workers": 3, "update_interval": "24h", "event": "Knowledge update scheduler started", "logger": "knowledge_updater.core.scheduler", "level": "info", "timestamp": "2025-10-18T17:44:54.379886Z"}
2025-10-18 23:16:54,452 - knowledge_updater.core.logging - INFO - {"level": "info", "file_path": "./logs/knowledge_updater.log", "event": "Logging system initialized", "logger": "knowledge_updater.core.logging", "timestamp": "2025-10-18T17:46:54.451975Z"}
2025-10-18 23:16:54,453 - knowledge_updater.vector_db.faiss_client - INFO - {"embedding_dim": 384, "event": "Created new FAISS index", "logger": "knowledge_updater.vector_db.faiss_client", "level": "info", "timestamp": "2025-10-18T17:46:54.453969Z"}
2025-10-18 23:16:54,453 - knowledge_updater.vector_db.faiss_client - INFO - {"persist_directory": "./data/faiss", "collection": "knowledge_base", "vectors_count": 0, "event": "FAISS client initialized", "logger": "knowledge_updater.vector_db.faiss_client", "level": "info", "timestamp": "2025-10-18T17:46:54.453969Z"}
2025-10-18 23:16:54,453 - knowledge_updater.embeddings.sentence_bert - INFO - {"model": "sentence-transformers/all-MiniLM-L6-v2", "event": "Loading Sentence-BERT model", "logger": "knowledge_updater.embeddings.sentence_bert", "level": "info", "timestamp": "2025-10-18T17:46:54.453969Z"}
2025-10-18 23:16:54,455 - sentence_transformers.SentenceTransformer - INFO - Load pretrained SentenceTransformer: sentence-transformers/all-MiniLM-L6-v2
2025-10-18 23:16:59,837 - knowledge_updater.embeddings.sentence_bert - INFO - {"model": "sentence-transformers/all-MiniLM-L6-v2", "device": "cpu", "event": "Sentence-BERT model loaded successfully", "logger": "knowledge_updater.embeddings.sentence_bert", "level": "info", "timestamp": "2025-10-18T17:46:59.837722Z"}
2025-10-18 23:16:59,837 - knowledge_updater.embeddings.sentence_bert - INFO - {"model": "sentence-transformers/all-MiniLM-L6-v2", "device": "cpu", "batch_size": 32, "event": "Sentence-BERT embeddings initialized", "logger": "knowledge_updater.embeddings.sentence_bert", "level": "info", "timestamp": "2025-10-18T17:46:59.837722Z"}
2025-10-18 23:16:59,837 - knowledge_updater.embeddings.generator - INFO - {"provider": "sentence_bert", "backend_type": "SentenceBERTEmbeddings", "event": "Embedding generator initialized", "logger": "knowledge_updater.embeddings.generator", "level": "info", "timestamp": "2025-10-18T17:46:59.837722Z"}
2025-10-18 23:16:59,837 - knowledge_updater.vector_db.manager - INFO - {"provider": "faiss", "collection": "knowledge_base", "event": "Vector database manager initialized", "logger": "knowledge_updater.vector_db.manager", "level": "info", "timestamp": "2025-10-18T17:46:59.837722Z"}
2025-10-18 23:16:59,837 - knowledge_updater.data_sources.manager - INFO - {"event": "Starting data source fetch", "logger": "knowledge_updater.data_sources.manager", "level": "info", "timestamp": "2025-10-18T17:46:59.837722Z"}
2025-10-18 23:17:02,896 - knowledge_updater.data_sources.rss_handler - WARNING - {"title": "The Download: the rehabilitation of AI art, and the scary truth about antimicrobial resistance", "error": "object has no attribute 'strip'", "event": "Failed to parse article", "logger": "knowledge_updater.data_sources.rss_handler", "level": "warning", "timestamp": "2025-10-18T17:47:02.896851Z"}
2025-10-18 23:17:02,896 - knowledge_updater.data_sources.rss_handler - WARNING - {"title": "From slop to Sotheby\u2019s? AI art enters a new phase", "error": "object has no attribute 'strip'", "event": "Failed to parse article", "logger": "knowledge_updater.data_sources.rss_handler", "level": "warning", "timestamp": "2025-10-18T17:47:02.896851Z"}
2025-10-18 23:17:02,896 - knowledge_updater.data_sources.rss_handler - WARNING - {"title": "This startup thinks slime mold can help us design better cities", "error": "object has no attribute 'strip'", "event": "Failed to parse article", "logger": "knowledge_updater.data_sources.rss_handler", "level": "warning", "timestamp": "2025-10-18T17:47:02.896851Z"}
2025-10-18 23:17:02,897 - knowledge_updater.data_sources.rss_handler - WARNING - {"title": "Take our quiz: How much do you know about antimicrobial resistance?", "error": "object has no attribute 'strip'", "event": "Failed to parse article", "logger": "knowledge_updater.data_sources.rss_handler", "level": "warning", "timestamp": "2025-10-18T17:47:02.896851Z"}
2025-10-18 23:17:02,897 - knowledge_updater.data_sources.rss_handler - WARNING - {"title": "Unlocking the potential of SAF with book and claim in air freight", "error": "object has no attribute 'strip'", "event": "Failed to parse article", "logger": "knowledge_updater.data_sources.rss_handler", "level": "warning", "timestamp": "2025-10-18T17:47:02.897832Z"}
2025-10-18 23:17:02,897 - knowledge_updater.data_sources.rss_handler - WARNING - {"title": "The Download: creating the perfect baby, and carbon removal\u2019s lofty promises", "error": "object has no attribute 'strip'", "event": "Failed to parse article", "logger": "knowledge_updater.data_sources.rss_handler", "level": "warning", "timestamp": "2025-10-18T17:47:02.897832Z"}
2025-10-18 23:17:02,897 - knowledge_updater.data_sources.rss_handler - WARNING - {"title": "Meet the man building a starter kit for civilization", "error": "object has no attribute 'strip'", "event": "Failed to parse article", "logger": "knowledge_updater.data_sources.rss_handler", "level": "warning", "timestamp": "2025-10-18T17:47:02.897832Z"}
2025-10-18 23:17:02,898 - knowledge_updater.data_sources.rss_handler - WARNING - {"title": "The race to make the perfect baby is creating an ethical mess", "error": "object has no attribute 'strip'", "event": "Failed to parse article", "logger": "knowledge_updater.data_sources.rss_handler", "level": "warning", "timestamp": "2025-10-18T17:47:02.897832Z"}
2025-10-18 23:17:02,898 - knowledge_updater.data_sources.rss_handler - WARNING - {"title": "The problem with Big Tech\u2019s favorite carbon removal tech", "error": "object has no attribute 'strip'", "event": "Failed to parse article", "logger": "knowledge_updater.data_sources.rss_handler", "level": "warning", "timestamp": "2025-10-18T17:47:02.898835Z"}
2025-10-18 23:17:02,898 - knowledge_updater.data_sources.rss_handler - WARNING - {"title": "The Download: Big Tech\u2019s carbon removals plans, and the next wave of nuclear reactors", "error": "object has no attribute 'strip'", "event": "Failed to parse article", "logger": "knowledge_updater.data_sources.rss_handler", "level": "warning", "timestamp": "2025-10-18T17:47:02.898835Z"}
2025-10-18 23:17:03,061 - knowledge_updater.data_sources.manager - INFO - {"count": 0, "event": "RSS feeds processed", "logger": "knowledge_updater.data_sources.manager", "level": "info", "timestamp": "2025-10-18T17:47:03.061916Z"}
2025-10-18 23:17:05,045 - knowledge_updater.data_sources.manager - INFO - {"count": 0, "event": "APIs processed", "logger": "knowledge_updater.data_sources.manager", "level": "info", "timestamp": "2025-10-18T17:47:05.045961Z"}
2025-10-18 23:17:05,045 - knowledge_updater.data_sources.manager - INFO - {"total_articles": 0, "fetch_time": "5.21s", "event": "Data source fetch completed", "logger": "knowledge_updater.data_sources.manager", "level": "info", "timestamp": "2025-10-18T17:47:05.045961Z"}
2025-10-18 23:17:49,288 - knowledge_updater.core.logging - INFO - {"level": "info", "file_path": "./logs/knowledge_updater.log", "event": "Logging system initialized", "logger": "knowledge_updater.core.logging", "timestamp": "2025-10-18T17:47:49.288122Z"}
2025-10-18 23:17:49,289 - knowledge_updater.vector_db.faiss_client - INFO - {"embedding_dim": 384, "event": "Created new FAISS index", "logger": "knowledge_updater.vector_db.faiss_client", "level": "info", "timestamp": "2025-10-18T17:47:49.289105Z"}
2025-10-18 23:17:49,289 - knowledge_updater.vector_db.faiss_client - INFO - {"persist_directory": "./data/faiss", "collection": "knowledge_base", "vectors_count": 0, "event": "FAISS client initialized", "logger": "knowledge_updater.vector_db.faiss_client", "level": "info", "timestamp": "2025-10-18T17:47:49.289105Z"}
2025-10-18 23:17:49,289 - knowledge_updater.embeddings.sentence_bert - INFO - {"model": "sentence-transformers/all-MiniLM-L6-v2", "event": "Loading Sentence-BERT model", "logger": "knowledge_updater.embeddings.sentence_bert", "level": "info", "timestamp": "2025-10-18T17:47:49.289105Z"}
2025-10-18 23:17:49,290 - sentence_transformers.SentenceTransformer - INFO - Load pretrained SentenceTransformer: sentence-transformers/all-MiniLM-L6-v2
2025-10-18 23:17:54,034 - knowledge_updater.embeddings.sentence_bert - INFO - {"model": "sentence-transformers/all-MiniLM-L6-v2", "device": "cpu", "event": "Sentence-BERT model loaded successfully", "logger": "knowledge_updater.embeddings.sentence_bert", "level": "info", "timestamp": "2025-10-18T17:47:54.034427Z"}
2025-10-18 23:17:54,034 - knowledge_updater.embeddings.sentence_bert - INFO - {"model": "sentence-transformers/all-MiniLM-L6-v2", "device": "cpu", "batch_size": 32, "event": "Sentence-BERT embeddings initialized", "logger": "knowledge_updater.embeddings.sentence_bert", "level": "info", "timestamp": "2025-10-18T17:47:54.034427Z"}
2025-10-18 23:17:54,034 - knowledge_updater.embeddings.generator - INFO - {"provider": "sentence_bert", "backend_type": "SentenceBERTEmbeddings", "event": "Embedding generator initialized", "logger": "knowledge_updater.embeddings.generator", "level": "info", "timestamp": "2025-10-18T17:47:54.034427Z"}
2025-10-18 23:17:54,035 - knowledge_updater.vector_db.manager - INFO - {"provider": "faiss", "collection": "knowledge_base", "event": "Vector database manager initialized", "logger": "knowledge_updater.vector_db.manager", "level": "info", "timestamp": "2025-10-18T17:47:54.035415Z"}
2025-10-18 23:17:54,035 - knowledge_updater.data_sources.manager - INFO - {"event": "Starting data source fetch", "logger": "knowledge_updater.data_sources.manager", "level": "info", "timestamp": "2025-10-18T17:47:54.035415Z"}
2025-10-18 23:17:56,298 - knowledge_updater.data_sources.manager - INFO - {"count": 0, "event": "RSS feeds processed", "logger": "knowledge_updater.data_sources.manager", "level": "info", "timestamp": "2025-10-18T17:47:56.298011Z"}
2025-10-18 23:17:57,457 - knowledge_updater.data_sources.manager - INFO - {"count": 0, "event": "APIs processed", "logger": "knowledge_updater.data_sources.manager", "level": "info", "timestamp": "2025-10-18T17:47:57.457380Z"}
2025-10-18 23:17:57,457 - knowledge_updater.data_sources.manager - INFO - {"total_articles": 0, "fetch_time": "3.42s", "event": "Data source fetch completed", "logger": "knowledge_updater.data_sources.manager", "level": "info", "timestamp": "2025-10-18T17:47:57.457380Z"}
2025-10-18 23:22:30,929 - knowledge_updater.core.logging - INFO - {"level": "info", "file_path": "./logs/knowledge_updater.log", "event": "Logging system initialized", "logger": "knowledge_updater.core.logging", "timestamp": "2025-10-18T17:52:30.929058Z"}
2025-10-18 23:22:30,932 - knowledge_updater.vector_db.faiss_client - INFO - {"embedding_dim": 384, "event": "Created new FAISS index", "logger": "knowledge_updater.vector_db.faiss_client", "level": "info", "timestamp": "2025-10-18T17:52:30.932066Z"}
2025-10-18 23:22:30,933 - knowledge_updater.vector_db.faiss_client - INFO - {"persist_directory": "./data/faiss", "collection": "knowledge_base", "vectors_count": 0, "event": "FAISS client initialized", "logger": "knowledge_updater.vector_db.faiss_client", "level": "info", "timestamp": "2025-10-18T17:52:30.933067Z"}
2025-10-18 23:22:30,933 - knowledge_updater.embeddings.sentence_bert - INFO - {"model": "sentence-transformers/all-MiniLM-L6-v2", "event": "Loading Sentence-BERT model", "logger": "knowledge_updater.embeddings.sentence_bert", "level": "info", "timestamp": "2025-10-18T17:52:30.933067Z"}
2025-10-18 23:22:30,937 - sentence_transformers.SentenceTransformer - INFO - Load pretrained SentenceTransformer: sentence-transformers/all-MiniLM-L6-v2
2025-10-18 23:22:36,485 - knowledge_updater.embeddings.sentence_bert - INFO - {"model": "sentence-transformers/all-MiniLM-L6-v2", "device": "cpu", "event": "Sentence-BERT model loaded successfully", "logger": "knowledge_updater.embeddings.sentence_bert", "level": "info", "timestamp": "2025-10-18T17:52:36.485944Z"}
2025-10-18 23:22:36,488 - knowledge_updater.embeddings.sentence_bert - INFO - {"model": "sentence-transformers/all-MiniLM-L6-v2", "device": "cpu", "batch_size": 32, "event": "Sentence-BERT embeddings initialized", "logger": "knowledge_updater.embeddings.sentence_bert", "level": "info", "timestamp": "2025-10-18T17:52:36.488928Z"}
2025-10-18 23:22:36,489 - knowledge_updater.embeddings.generator - INFO - {"provider": "sentence_bert", "backend_type": "SentenceBERTEmbeddings", "event": "Embedding generator initialized", "logger": "knowledge_updater.embeddings.generator", "level": "info", "timestamp": "2025-10-18T17:52:36.489927Z"}
2025-10-18 23:22:36,490 - knowledge_updater.vector_db.manager - INFO - {"provider": "faiss", "collection": "knowledge_base", "event": "Vector database manager initialized", "logger": "knowledge_updater.vector_db.manager", "level": "info", "timestamp": "2025-10-18T17:52:36.490943Z"}
2025-10-18 23:22:36,492 - knowledge_updater.data_sources.manager - INFO - {"event": "Starting data source fetch", "logger": "knowledge_updater.data_sources.manager", "level": "info", "timestamp": "2025-10-18T17:52:36.492930Z"}
2025-10-18 23:22:36,819 - knowledge_updater.data_sources.rss_handler - INFO - {"feed_name": "TechCrunch", "articles_fetched": 19, "event": "RSS feed processed successfully", "logger": "knowledge_updater.data_sources.rss_handler", "level": "info", "timestamp": "2025-10-18T17:52:36.819325Z"}
2025-10-18 23:22:38,148 - knowledge_updater.data_sources.rss_handler - INFO - {"feed_name": "Hacker News", "articles_fetched": 20, "event": "RSS feed processed successfully", "logger": "knowledge_updater.data_sources.rss_handler", "level": "info", "timestamp": "2025-10-18T17:52:38.148659Z"}
2025-10-18 23:22:39,197 - knowledge_updater.data_sources.rss_handler - INFO - {"feed_name": "MIT Technology Review", "articles_fetched": 9, "event": "RSS feed processed successfully", "logger": "knowledge_updater.data_sources.rss_handler", "level": "info", "timestamp": "2025-10-18T17:52:39.197449Z"}
2025-10-18 23:22:39,548 - knowledge_updater.data_sources.rss_handler - INFO - {"feed_name": "Wired Science", "articles_fetched": 29, "event": "RSS feed processed successfully", "logger": "knowledge_updater.data_sources.rss_handler", "level": "info", "timestamp": "2025-10-18T17:52:39.548235Z"}
2025-10-18 23:22:39,549 - knowledge_updater.data_sources.manager - INFO - {"count": 77, "event": "RSS feeds processed", "logger": "knowledge_updater.data_sources.manager", "level": "info", "timestamp": "2025-10-18T17:52:39.549230Z"}
2025-10-18 23:22:42,637 - knowledge_updater.data_sources.api_handler - INFO - {"api_name": "JSONPlaceholder Demo", "articles_fetched": 10, "event": "API processed successfully", "logger": "knowledge_updater.data_sources.api_handler", "level": "info", "timestamp": "2025-10-18T17:52:42.637794Z"}
2025-10-18 23:22:42,639 - knowledge_updater.data_sources.manager - INFO - {"count": 10, "event": "APIs processed", "logger": "knowledge_updater.data_sources.manager", "level": "info", "timestamp": "2025-10-18T17:52:42.637794Z"}
2025-10-18 23:22:42,639 - knowledge_updater.data_sources.manager - INFO - {"total_articles": 87, "fetch_time": "6.15s", "event": "Data source fetch completed", "logger": "knowledge_updater.data_sources.manager", "level": "info", "timestamp": "2025-10-18T17:52:42.639310Z"}
2025-10-18 23:22:42,640 - knowledge_updater.data_sources.manager - INFO - {"article_count": 87, "event": "Starting data processing", "logger": "knowledge_updater.data_sources.manager", "level": "info", "timestamp": "2025-10-18T17:52:42.640433Z"}
2025-10-18 23:22:42,799 - knowledge_updater.data_sources.data_processor - INFO - {"input_count": 87, "processed_count": 55, "unique_count": 55, "event": "Article processing completed", "logger": "knowledge_updater.data_sources.data_processor", "level": "info", "timestamp": "2025-10-18T17:52:42.799293Z"}
2025-10-18 23:22:42,801 - knowledge_updater.data_sources.manager - INFO - {"input_count": 87, "output_count": 55, "process_time": "0.16s", "event": "Data processing completed", "logger": "knowledge_updater.data_sources.manager", "level": "info", "timestamp": "2025-10-18T17:52:42.801286Z"}
2025-10-18 23:22:42,801 - knowledge_updater.vector_db.manager - INFO - {"event": "Starting knowledge base update", "logger": "knowledge_updater.vector_db.manager", "level": "info", "timestamp": "2025-10-18T17:52:42.801286Z"}
2025-10-18 23:22:52,673 - knowledge_updater.embeddings.generator - INFO - {"text_count": 55, "embedding_count": 55, "generation_time": "9.870s", "avg_time_per_text": "0.179s", "event": "Embeddings generated successfully", "logger": "knowledge_updater.embeddings.generator", "level": "info", "timestamp": "2025-10-18T17:52:52.672677Z"}
2025-10-18 23:22:52,703 - knowledge_updater.vector_db.manager - INFO - {"articles_processed": 55, "new_articles": 55, "vectors_added": 55, "update_time": "9.901s", "event": "Knowledge base update completed", "logger": "knowledge_updater.vector_db.manager", "level": "info", "timestamp": "2025-10-18T17:52:52.703425Z"}
2025-10-18 23:24:05,532 - knowledge_updater.core.logging - INFO - {"level": "info", "file_path": "./logs/knowledge_updater.log", "event": "Logging system initialized", "logger": "knowledge_updater.core.logging", "timestamp": "2025-10-18T17:54:05.532678Z"}
2025-10-18 23:24:05,586 - knowledge_updater.vector_db.faiss_client - INFO - {"vectors_count": 55, "event": "Loaded existing FAISS index", "logger": "knowledge_updater.vector_db.faiss_client", "level": "info", "timestamp": "2025-10-18T17:54:05.586343Z"}
2025-10-18 23:24:05,586 - knowledge_updater.vector_db.faiss_client - INFO - {"persist_directory": "./data/faiss", "collection": "knowledge_base", "vectors_count": 55, "event": "FAISS client initialized", "logger": "knowledge_updater.vector_db.faiss_client", "level": "info", "timestamp": "2025-10-18T17:54:05.586343Z"}
2025-10-18 23:24:05,587 - knowledge_updater.embeddings.sentence_bert - INFO - {"model": "sentence-transformers/all-MiniLM-L6-v2", "event": "Loading Sentence-BERT model", "logger": "knowledge_updater.embeddings.sentence_bert", "level": "info", "timestamp": "2025-10-18T17:54:05.587379Z"}
2025-10-18 23:24:05,588 - sentence_transformers.SentenceTransformer - INFO - Load pretrained SentenceTransformer: sentence-transformers/all-MiniLM-L6-v2
2025-10-18 23:24:09,930 - knowledge_updater.embeddings.sentence_bert - INFO - {"model": "sentence-transformers/all-MiniLM-L6-v2", "device": "cpu", "event": "Sentence-BERT model loaded successfully", "logger": "knowledge_updater.embeddings.sentence_bert", "level": "info", "timestamp": "2025-10-18T17:54:09.930051Z"}
2025-10-18 23:24:09,930 - knowledge_updater.embeddings.sentence_bert - INFO - {"model": "sentence-transformers/all-MiniLM-L6-v2", "device": "cpu", "batch_size": 32, "event": "Sentence-BERT embeddings initialized", "logger": "knowledge_updater.embeddings.sentence_bert", "level": "info", "timestamp": "2025-10-18T17:54:09.930051Z"}
2025-10-18 23:24:09,931 - knowledge_updater.embeddings.generator - INFO - {"provider": "sentence_bert", "backend_type": "SentenceBERTEmbeddings", "event": "Embedding generator initialized", "logger": "knowledge_updater.embeddings.generator", "level": "info", "timestamp": "2025-10-18T17:54:09.931053Z"}
2025-10-18 23:24:09,931 - knowledge_updater.vector_db.manager - INFO - {"provider": "faiss", "collection": "knowledge_base", "event": "Vector database manager initialized", "logger": "knowledge_updater.vector_db.manager", "level": "info", "timestamp": "2025-10-18T17:54:09.931053Z"}
2025-10-18 23:24:09,931 - knowledge_updater.embeddings.sentence_bert - INFO - {"model": "sentence-transformers/all-MiniLM-L6-v2", "event": "Loading Sentence-BERT model", "logger": "knowledge_updater.embeddings.sentence_bert", "level": "info", "timestamp": "2025-10-18T17:54:09.931053Z"}
2025-10-18 23:24:09,932 - sentence_transformers.SentenceTransformer - INFO - Load pretrained SentenceTransformer: sentence-transformers/all-MiniLM-L6-v2
2025-10-18 23:24:14,222 - knowledge_updater.embeddings.sentence_bert - INFO - {"model": "sentence-transformers/all-MiniLM-L6-v2", "device": "cpu", "event": "Sentence-BERT model loaded successfully", "logger": "knowledge_updater.embeddings.sentence_bert", "level": "info", "timestamp": "2025-10-18T17:54:14.222970Z"}
2025-10-18 23:24:14,222 - knowledge_updater.embeddings.sentence_bert - INFO - {"model": "sentence-transformers/all-MiniLM-L6-v2", "device": "cpu", "batch_size": 32, "event": "Sentence-BERT embeddings initialized", "logger": "knowledge_updater.embeddings.sentence_bert", "level": "info", "timestamp": "2025-10-18T17:54:14.222970Z"}
2025-10-18 23:24:14,222 - knowledge_updater.embeddings.generator - INFO - {"provider": "sentence_bert", "backend_type": "SentenceBERTEmbeddings", "event": "Embedding generator initialized", "logger": "knowledge_updater.embeddings.generator", "level": "info", "timestamp": "2025-10-18T17:54:14.222970Z"}
2025-10-18 23:24:14,223 - knowledge_updater.query.enhancer - INFO - {"max_context_results": 5, "similarity_threshold": 0.7, "event": "Query enhancer initialized", "logger": "knowledge_updater.query.enhancer", "level": "info", "timestamp": "2025-10-18T17:54:14.223976Z"}
2025-10-18 23:24:14,291 - knowledge_updater.embeddings.generator - INFO - {"text_count": 1, "embedding_count": 1, "generation_time": "0.068s", "avg_time_per_text": "0.068s", "event": "Embeddings generated successfully", "logger": "knowledge_updater.embeddings.generator", "level": "info", "timestamp": "2025-10-18T17:54:14.291478Z"}
2025-10-18 23:24:14,294 - knowledge_updater.vector_db.manager - INFO - {"query_length": 81, "results_found": 10, "results_returned": 1, "query_time": "0.071s", "event": "Knowledge base query completed", "logger": "knowledge_updater.vector_db.manager", "level": "info", "timestamp": "2025-10-18T17:54:14.294480Z"}
2025-10-18 23:24:14,295 - knowledge_updater.query.enhancer - INFO - {"query_length": 54, "results_found": 0, "enhancement_time_ms": "71.5", "within_time_limit": true, "event": "Query enhancement completed", "logger": "knowledge_updater.query.enhancer", "level": "info", "timestamp": "2025-10-18T17:54:14.295477Z"}
2025-10-18 23:25:36,791 - knowledge_updater.core.logging - INFO - {"level": "info", "file_path": "./logs/knowledge_updater.log", "event": "Logging system initialized", "logger": "knowledge_updater.core.logging", "timestamp": "2025-10-18T17:55:36.791844Z"}
2025-10-18 23:25:36,805 - knowledge_updater.vector_db.faiss_client - INFO - {"vectors_count": 55, "event": "Loaded existing FAISS index", "logger": "knowledge_updater.vector_db.faiss_client", "level": "info", "timestamp": "2025-10-18T17:55:36.805105Z"}
2025-10-18 23:25:36,806 - knowledge_updater.vector_db.faiss_client - INFO - {"persist_directory": "./data/faiss", "collection": "knowledge_base", "vectors_count": 55, "event": "FAISS client initialized", "logger": "knowledge_updater.vector_db.faiss_client", "level": "info", "timestamp": "2025-10-18T17:55:36.806108Z"}
2025-10-18 23:25:36,807 - knowledge_updater.embeddings.sentence_bert - INFO - {"model": "sentence-transformers/all-MiniLM-L6-v2", "event": "Loading Sentence-BERT model", "logger": "knowledge_updater.embeddings.sentence_bert", "level": "info", "timestamp": "2025-10-18T17:55:36.807008Z"}
2025-10-18 23:25:36,810 - sentence_transformers.SentenceTransformer - INFO - Load pretrained SentenceTransformer: sentence-transformers/all-MiniLM-L6-v2
2025-10-18 23:25:42,466 - knowledge_updater.embeddings.sentence_bert - INFO - {"model": "sentence-transformers/all-MiniLM-L6-v2", "device": "cpu", "event": "Sentence-BERT model loaded successfully", "logger": "knowledge_updater.embeddings.sentence_bert", "level": "info", "timestamp": "2025-10-18T17:55:42.466280Z"}
2025-10-18 23:25:42,468 - knowledge_updater.embeddings.sentence_bert - INFO - {"model": "sentence-transformers/all-MiniLM-L6-v2", "device": "cpu", "batch_size": 32, "event": "Sentence-BERT embeddings initialized", "logger": "knowledge_updater.embeddings.sentence_bert", "level": "info", "timestamp": "2025-10-18T17:55:42.467288Z"}
2025-10-18 23:25:42,469 - knowledge_updater.embeddings.generator - INFO - {"provider": "sentence_bert", "backend_type": "SentenceBERTEmbeddings", "event": "Embedding generator initialized", "logger": "knowledge_updater.embeddings.generator", "level": "info", "timestamp": "2025-10-18T17:55:42.468280Z"}
2025-10-18 23:25:42,469 - knowledge_updater.vector_db.manager - INFO - {"provider": "faiss", "collection": "knowledge_base", "event": "Vector database manager initialized", "logger": "knowledge_updater.vector_db.manager", "level": "info", "timestamp": "2025-10-18T17:55:42.469285Z"}
2025-10-18 23:25:42,471 - knowledge_updater.embeddings.sentence_bert - INFO - {"model": "sentence-transformers/all-MiniLM-L6-v2", "event": "Loading Sentence-BERT model", "logger": "knowledge_updater.embeddings.sentence_bert", "level": "info", "timestamp": "2025-10-18T17:55:42.471296Z"}
2025-10-18 23:25:42,477 - sentence_transformers.SentenceTransformer - INFO - Load pretrained SentenceTransformer: sentence-transformers/all-MiniLM-L6-v2
2025-10-18 23:25:46,410 - knowledge_updater.embeddings.sentence_bert - INFO - {"model": "sentence-transformers/all-MiniLM-L6-v2", "device": "cpu", "event": "Sentence-BERT model loaded successfully", "logger": "knowledge_updater.embeddings.sentence_bert", "level": "info", "timestamp": "2025-10-18T17:55:46.408531Z"}
2025-10-18 23:25:46,411 - knowledge_updater.embeddings.sentence_bert - INFO - {"model": "sentence-transformers/all-MiniLM-L6-v2", "device": "cpu", "batch_size": 32, "event": "Sentence-BERT embeddings initialized", "logger": "knowledge_updater.embeddings.sentence_bert", "level": "info", "timestamp": "2025-10-18T17:55:46.410013Z"}
2025-10-18 23:25:46,411 - knowledge_updater.embeddings.generator - INFO - {"provider": "sentence_bert", "backend_type": "SentenceBERTEmbeddings", "event": "Embedding generator initialized", "logger": "knowledge_updater.embeddings.generator", "level": "info", "timestamp": "2025-10-18T17:55:46.411046Z"}
2025-10-18 23:25:46,412 - knowledge_updater.query.enhancer - INFO - {"max_context_results": 5, "similarity_threshold": 0.5, "event": "Query enhancer initialized", "logger": "knowledge_updater.query.enhancer", "level": "info", "timestamp": "2025-10-18T17:55:46.412580Z"}
2025-10-18 23:25:46,588 - knowledge_updater.embeddings.generator - INFO - {"text_count": 1, "embedding_count": 1, "generation_time": "0.170s", "avg_time_per_text": "0.170s", "event": "Embeddings generated successfully", "logger": "knowledge_updater.embeddings.generator", "level": "info", "timestamp": "2025-10-18T17:55:46.587641Z"}
2025-10-18 23:25:46,588 - knowledge_updater.vector_db.manager - INFO - {"query_length": 61, "results_found": 10, "results_returned": 10, "query_time": "0.171s", "event": "Knowledge base query completed", "logger": "knowledge_updater.vector_db.manager", "level": "info", "timestamp": "2025-10-18T17:55:46.588653Z"}
2025-10-18 23:25:46,590 - knowledge_updater.query.enhancer - INFO - {"query_length": 30, "results_found": 1, "enhancement_time_ms": "177.0", "within_time_limit": true, "event": "Query enhancement completed", "logger": "knowledge_updater.query.enhancer", "level": "info", "timestamp": "2025-10-18T17:55:46.590654Z"}
2025-10-18 23:32:45,637 - knowledge_updater.core.logging - INFO - {"level": "info", "file_path": "./logs/knowledge_updater.log", "event": "Logging system initialized", "logger": "knowledge_updater.core.logging", "timestamp": "2025-10-18T18:02:45.637500Z"}
2025-10-18 23:32:45,641 - knowledge_updater.vector_db.faiss_client - INFO - {"vectors_count": 55, "event": "Loaded existing FAISS index", "logger": "knowledge_updater.vector_db.faiss_client", "level": "info", "timestamp": "2025-10-18T18:02:45.641509Z"}
2025-10-18 23:32:45,641 - knowledge_updater.vector_db.faiss_client - INFO - {"persist_directory": "./data/faiss", "collection": "knowledge_base", "vectors_count": 55, "event": "FAISS client initialized", "logger": "knowledge_updater.vector_db.faiss_client", "level": "info", "timestamp": "2025-10-18T18:02:45.641509Z"}
2025-10-18 23:32:45,642 - knowledge_updater.embeddings.sentence_bert - INFO - {"model": "sentence-transformers/all-MiniLM-L6-v2", "event": "Loading Sentence-BERT model", "logger": "knowledge_updater.embeddings.sentence_bert", "level": "info", "timestamp": "2025-10-18T18:02:45.642063Z"}
2025-10-18 23:32:45,643 - sentence_transformers.SentenceTransformer - INFO - Load pretrained SentenceTransformer: sentence-transformers/all-MiniLM-L6-v2
2025-10-18 23:32:49,993 - knowledge_updater.embeddings.sentence_bert - INFO - {"model": "sentence-transformers/all-MiniLM-L6-v2", "device": "cpu", "event": "Sentence-BERT model loaded successfully", "logger": "knowledge_updater.embeddings.sentence_bert", "level": "info", "timestamp": "2025-10-18T18:02:49.993140Z"}
2025-10-18 23:32:49,994 - knowledge_updater.embeddings.sentence_bert - INFO - {"model": "sentence-transformers/all-MiniLM-L6-v2", "device": "cpu", "batch_size": 32, "event": "Sentence-BERT embeddings initialized", "logger": "knowledge_updater.embeddings.sentence_bert", "level": "info", "timestamp": "2025-10-18T18:02:49.993140Z"}
2025-10-18 23:32:49,994 - knowledge_updater.embeddings.generator - INFO - {"provider": "sentence_bert", "backend_type": "SentenceBERTEmbeddings", "event": "Embedding generator initialized", "logger": "knowledge_updater.embeddings.generator", "level": "info", "timestamp": "2025-10-18T18:02:49.994141Z"}
2025-10-18 23:32:49,995 - knowledge_updater.vector_db.manager - INFO - {"provider": "faiss", "collection": "knowledge_base", "event": "Vector database manager initialized", "logger": "knowledge_updater.vector_db.manager", "level": "info", "timestamp": "2025-10-18T18:02:49.995143Z"}
2025-10-18 23:32:50,023 - knowledge_updater.embeddings.generator - INFO - {"text_count": 1, "embedding_count": 1, "generation_time": "0.029s", "avg_time_per_text": "0.029s", "event": "Embeddings generated successfully", "logger": "knowledge_updater.embeddings.generator", "level": "info", "timestamp": "2025-10-18T18:02:50.023843Z"}
2025-10-18 23:32:50,026 - knowledge_updater.vector_db.faiss_client - INFO - {"vectors_count": 55, "event": "Loaded existing FAISS index", "logger": "knowledge_updater.vector_db.faiss_client", "level": "info", "timestamp": "2025-10-18T18:02:50.026605Z"}
2025-10-18 23:32:50,027 - knowledge_updater.vector_db.faiss_client - INFO - {"persist_directory": "./data/faiss", "collection": "knowledge_base", "vectors_count": 55, "event": "FAISS client initialized", "logger": "knowledge_updater.vector_db.faiss_client", "level": "info", "timestamp": "2025-10-18T18:02:50.027130Z"}
2025-10-18 23:32:50,027 - knowledge_updater.embeddings.sentence_bert - INFO - {"model": "sentence-transformers/all-MiniLM-L6-v2", "event": "Loading Sentence-BERT model", "logger": "knowledge_updater.embeddings.sentence_bert", "level": "info", "timestamp": "2025-10-18T18:02:50.027130Z"}
2025-10-18 23:32:50,029 - sentence_transformers.SentenceTransformer - INFO - Load pretrained SentenceTransformer: sentence-transformers/all-MiniLM-L6-v2
2025-10-18 23:32:53,167 - knowledge_updater.embeddings.sentence_bert - INFO - {"model": "sentence-transformers/all-MiniLM-L6-v2", "device": "cpu", "event": "Sentence-BERT model loaded successfully", "logger": "knowledge_updater.embeddings.sentence_bert", "level": "info", "timestamp": "2025-10-18T18:02:53.167773Z"}
2025-10-18 23:32:53,168 - knowledge_updater.embeddings.sentence_bert - INFO - {"model": "sentence-transformers/all-MiniLM-L6-v2", "device": "cpu", "batch_size": 32, "event": "Sentence-BERT embeddings initialized", "logger": "knowledge_updater.embeddings.sentence_bert", "level": "info", "timestamp": "2025-10-18T18:02:53.168789Z"}
2025-10-18 23:32:53,169 - knowledge_updater.embeddings.generator - INFO - {"provider": "sentence_bert", "backend_type": "SentenceBERTEmbeddings", "event": "Embedding generator initialized", "logger": "knowledge_updater.embeddings.generator", "level": "info", "timestamp": "2025-10-18T18:02:53.168789Z"}
2025-10-18 23:32:53,169 - knowledge_updater.vector_db.manager - INFO - {"provider": "faiss", "collection": "knowledge_base", "event": "Vector database manager initialized", "logger": "knowledge_updater.vector_db.manager", "level": "info", "timestamp": "2025-10-18T18:02:53.169664Z"}
2025-10-18 23:32:53,170 - knowledge_updater.embeddings.sentence_bert - INFO - {"model": "sentence-transformers/all-MiniLM-L6-v2", "event": "Loading Sentence-BERT model", "logger": "knowledge_updater.embeddings.sentence_bert", "level": "info", "timestamp": "2025-10-18T18:02:53.170662Z"}
2025-10-18 23:32:53,171 - sentence_transformers.SentenceTransformer - INFO - Load pretrained SentenceTransformer: sentence-transformers/all-MiniLM-L6-v2
2025-10-18 23:32:57,526 - knowledge_updater.embeddings.sentence_bert - INFO - {"model": "sentence-transformers/all-MiniLM-L6-v2", "device": "cpu", "event": "Sentence-BERT model loaded successfully", "logger": "knowledge_updater.embeddings.sentence_bert", "level": "info", "timestamp": "2025-10-18T18:02:57.526984Z"}
2025-10-18 23:32:57,527 - knowledge_updater.embeddings.sentence_bert - INFO - {"model": "sentence-transformers/all-MiniLM-L6-v2", "device": "cpu", "batch_size": 32, "event": "Sentence-BERT embeddings initialized", "logger": "knowledge_updater.embeddings.sentence_bert", "level": "info", "timestamp": "2025-10-18T18:02:57.527990Z"}
2025-10-18 23:32:57,527 - knowledge_updater.embeddings.generator - INFO - {"provider": "sentence_bert", "backend_type": "SentenceBERTEmbeddings", "event": "Embedding generator initialized", "logger": "knowledge_updater.embeddings.generator", "level": "info", "timestamp": "2025-10-18T18:02:57.527990Z"}
2025-10-18 23:32:57,528 - knowledge_updater.query.enhancer - INFO - {"max_context_results": 5, "similarity_threshold": 0.5, "event": "Query enhancer initialized", "logger": "knowledge_updater.query.enhancer", "level": "info", "timestamp": "2025-10-18T18:02:57.527990Z"}
2025-10-18 23:32:57,558 - knowledge_updater.embeddings.generator - INFO - {"text_count": 1, "embedding_count": 1, "generation_time": "0.030s", "avg_time_per_text": "0.030s", "event": "Embeddings generated successfully", "logger": "knowledge_updater.embeddings.generator", "level": "info", "timestamp": "2025-10-18T18:02:57.558983Z"}
2025-10-18 23:32:57,558 - knowledge_updater.vector_db.manager - INFO - {"query_length": 56, "results_found": 10, "results_returned": 10, "query_time": "0.030s", "event": "Knowledge base query completed", "logger": "knowledge_updater.vector_db.manager", "level": "info", "timestamp": "2025-10-18T18:02:57.558983Z"}
2025-10-18 23:32:57,559 - knowledge_updater.query.enhancer - INFO - {"query_length": 32, "results_found": 1, "enhancement_time_ms": "31.0", "within_time_limit": true, "event": "Query enhancement completed", "logger": "knowledge_updater.query.enhancer", "level": "info", "timestamp": "2025-10-18T18:02:57.559983Z"}
2025-10-18 23:35:03,195 - knowledge_updater.core.logging - INFO - {"level": "info", "file_path": "./logs/knowledge_updater.log", "event": "Logging system initialized", "logger": "knowledge_updater.core.logging", "timestamp": "2025-10-18T18:05:03.194768Z"}
2025-10-18 23:35:03,197 - knowledge_updater.vector_db.faiss_client - INFO - {"vectors_count": 55, "event": "Loaded existing FAISS index", "logger": "knowledge_updater.vector_db.faiss_client", "level": "info", "timestamp": "2025-10-18T18:05:03.197767Z"}
2025-10-18 23:35:03,197 - knowledge_updater.vector_db.faiss_client - INFO - {"persist_directory": "./data/faiss", "collection": "knowledge_base", "vectors_count": 55, "event": "FAISS client initialized", "logger": "knowledge_updater.vector_db.faiss_client", "level": "info", "timestamp": "2025-10-18T18:05:03.197767Z"}
2025-10-18 23:35:03,197 - knowledge_updater.embeddings.sentence_bert - INFO - {"model": "sentence-transformers/all-MiniLM-L6-v2", "event": "Loading Sentence-BERT model", "logger": "knowledge_updater.embeddings.sentence_bert", "level": "info", "timestamp": "2025-10-18T18:05:03.197767Z"}
2025-10-18 23:35:03,199 - sentence_transformers.SentenceTransformer - INFO - Load pretrained SentenceTransformer: sentence-transformers/all-MiniLM-L6-v2
2025-10-18 23:35:06,914 - knowledge_updater.embeddings.sentence_bert - INFO - {"model": "sentence-transformers/all-MiniLM-L6-v2", "device": "cpu", "event": "Sentence-BERT model loaded successfully", "logger": "knowledge_updater.embeddings.sentence_bert", "level": "info", "timestamp": "2025-10-18T18:05:06.914949Z"}
2025-10-18 23:35:06,914 - knowledge_updater.embeddings.sentence_bert - INFO - {"model": "sentence-transformers/all-MiniLM-L6-v2", "device": "cpu", "batch_size": 32, "event": "Sentence-BERT embeddings initialized", "logger": "knowledge_updater.embeddings.sentence_bert", "level": "info", "timestamp": "2025-10-18T18:05:06.914949Z"}
2025-10-18 23:35:06,915 - knowledge_updater.embeddings.generator - INFO - {"provider": "sentence_bert", "backend_type": "SentenceBERTEmbeddings", "event": "Embedding generator initialized", "logger": "knowledge_updater.embeddings.generator", "level": "info", "timestamp": "2025-10-18T18:05:06.915949Z"}
2025-10-18 23:35:06,915 - knowledge_updater.vector_db.manager - INFO - {"provider": "faiss", "collection": "knowledge_base", "event": "Vector database manager initialized", "logger": "knowledge_updater.vector_db.manager", "level": "info", "timestamp": "2025-10-18T18:05:06.915949Z"}
2025-10-18 23:35:06,915 - knowledge_updater.embeddings.sentence_bert - INFO - {"model": "sentence-transformers/all-MiniLM-L6-v2", "event": "Loading Sentence-BERT model", "logger": "knowledge_updater.embeddings.sentence_bert", "level": "info", "timestamp": "2025-10-18T18:05:06.915949Z"}
2025-10-18 23:35:06,917 - sentence_transformers.SentenceTransformer - INFO - Load pretrained SentenceTransformer: sentence-transformers/all-MiniLM-L6-v2
2025-10-18 23:35:11,019 - knowledge_updater.embeddings.sentence_bert - INFO - {"model": "sentence-transformers/all-MiniLM-L6-v2", "device": "cpu", "event": "Sentence-BERT model loaded successfully", "logger": "knowledge_updater.embeddings.sentence_bert", "level": "info", "timestamp": "2025-10-18T18:05:11.019992Z"}
2025-10-18 23:35:11,019 - knowledge_updater.embeddings.sentence_bert - INFO - {"model": "sentence-transformers/all-MiniLM-L6-v2", "device": "cpu", "batch_size": 32, "event": "Sentence-BERT embeddings initialized", "logger": "knowledge_updater.embeddings.sentence_bert", "level": "info", "timestamp": "2025-10-18T18:05:11.019992Z"}
2025-10-18 23:35:11,019 - knowledge_updater.embeddings.generator - INFO - {"provider": "sentence_bert", "backend_type": "SentenceBERTEmbeddings", "event": "Embedding generator initialized", "logger": "knowledge_updater.embeddings.generator", "level": "info", "timestamp": "2025-10-18T18:05:11.019992Z"}
2025-10-18 23:35:11,021 - knowledge_updater.query.enhancer - INFO - {"max_context_results": 5, "similarity_threshold": 0.5, "event": "Query enhancer initialized", "logger": "knowledge_updater.query.enhancer", "level": "info", "timestamp": "2025-10-18T18:05:11.021609Z"}
2025-10-18 23:35:11,071 - knowledge_updater.embeddings.generator - INFO - {"text_count": 1, "embedding_count": 1, "generation_time": "0.049s", "avg_time_per_text": "0.049s", "event": "Embeddings generated successfully", "logger": "knowledge_updater.embeddings.generator", "level": "info", "timestamp": "2025-10-18T18:05:11.071149Z"}
2025-10-18 23:35:11,071 - knowledge_updater.vector_db.manager - INFO - {"query_length": 85, "results_found": 10, "results_returned": 10, "query_time": "0.050s", "event": "Knowledge base query completed", "logger": "knowledge_updater.vector_db.manager", "level": "info", "timestamp": "2025-10-18T18:05:11.071654Z"}
2025-10-18 23:35:11,072 - knowledge_updater.query.enhancer - INFO - {"query_length": 54, "results_found": 1, "enhancement_time_ms": "50.6", "within_time_limit": true, "event": "Query enhancement completed", "logger": "knowledge_updater.query.enhancer", "level": "info", "timestamp": "2025-10-18T18:05:11.072159Z"}
2025-10-18 23:35:40,597 - knowledge_updater.core.logging - INFO - {"level": "info", "file_path": "./logs/knowledge_updater.log", "event": "Logging system initialized", "logger": "knowledge_updater.core.logging", "timestamp": "2025-10-18T18:05:40.597404Z"}
2025-10-18 23:35:40,599 - apscheduler.scheduler - INFO - Adding job tentatively -- it will be properly scheduled when the scheduler starts
2025-10-18 23:35:40,599 - knowledge_updater.core.scheduler - INFO - {"job_id": "knowledge_base_update", "function": "update_knowledge_base", "trigger": "interval", "event": "Job added to scheduler", "logger": "knowledge_updater.core.scheduler", "level": "info", "timestamp": "2025-10-18T18:05:40.599402Z"}
2025-10-18 23:35:40,600 - knowledge_updater.core.scheduler - INFO - {"event": "Scheduled periodic updates every 24 hours", "logger": "knowledge_updater.core.scheduler", "level": "info", "timestamp": "2025-10-18T18:05:40.600401Z"}
2025-10-18 23:35:40,600 - apscheduler.scheduler - INFO - Added job "KnowledgeUpdateScheduler._schedule_periodic_updates.<locals>.update_knowledge_base" to job store "default"
2025-10-18 23:35:40,600 - apscheduler.scheduler - INFO - Scheduler started
2025-10-18 23:35:40,601 - knowledge_updater.core.scheduler - INFO - {"max_workers": 3, "update_interval": "24h", "event": "Knowledge update scheduler started", "logger": "knowledge_updater.core.scheduler", "level": "info", "timestamp": "2025-10-18T18:05:40.601913Z"}
2025-10-19 02:10:21,674 - knowledge_updater.core.logging - INFO - {"level": "info", "file_path": "./logs/knowledge_updater.log", "event": "Logging system initialized", "logger": "knowledge_updater.core.logging", "timestamp": "2025-10-18T20:40:21.674379Z"}
2025-10-19 02:10:48,257 - knowledge_updater.core.logging - INFO - {"level": "info", "file_path": "./logs/knowledge_updater.log", "event": "Logging system initialized", "logger": "knowledge_updater.core.logging", "timestamp": "2025-10-18T20:40:48.257746Z"}
2025-10-19 02:10:48,265 - knowledge_updater.vector_db.faiss_client - INFO - {"vectors_count": 55, "event": "Loaded existing FAISS index", "logger": "knowledge_updater.vector_db.faiss_client", "level": "info", "timestamp": "2025-10-18T20:40:48.265707Z"}
2025-10-19 02:10:48,265 - knowledge_updater.vector_db.faiss_client - INFO - {"persist_directory": "./data/faiss", "collection": "knowledge_base", "vectors_count": 55, "event": "FAISS client initialized", "logger": "knowledge_updater.vector_db.faiss_client", "level": "info", "timestamp": "2025-10-18T20:40:48.265707Z"}
2025-10-19 02:10:48,265 - knowledge_updater.embeddings.sentence_bert - INFO - {"model": "sentence-transformers/all-MiniLM-L6-v2", "event": "Loading Sentence-BERT model", "logger": "knowledge_updater.embeddings.sentence_bert", "level": "info", "timestamp": "2025-10-18T20:40:48.265707Z"}
2025-10-19 02:10:48,266 - sentence_transformers.SentenceTransformer - INFO - Load pretrained SentenceTransformer: sentence-transformers/all-MiniLM-L6-v2
2025-10-19 02:10:52,331 - knowledge_updater.embeddings.sentence_bert - INFO - {"model": "sentence-transformers/all-MiniLM-L6-v2", "device": "cpu", "event": "Sentence-BERT model loaded successfully", "logger": "knowledge_updater.embeddings.sentence_bert", "level": "info", "timestamp": "2025-10-18T20:40:52.331804Z"}
2025-10-19 02:10:52,331 - knowledge_updater.embeddings.sentence_bert - INFO - {"model": "sentence-transformers/all-MiniLM-L6-v2", "device": "cpu", "batch_size": 32, "event": "Sentence-BERT embeddings initialized", "logger": "knowledge_updater.embeddings.sentence_bert", "level": "info", "timestamp": "2025-10-18T20:40:52.331804Z"}
2025-10-19 02:10:52,332 - knowledge_updater.embeddings.generator - INFO - {"provider": "sentence_bert", "backend_type": "SentenceBERTEmbeddings", "event": "Embedding generator initialized", "logger": "knowledge_updater.embeddings.generator", "level": "info", "timestamp": "2025-10-18T20:40:52.332803Z"}
2025-10-19 02:10:52,332 - knowledge_updater.vector_db.manager - INFO - {"provider": "faiss", "collection": "knowledge_base", "event": "Vector database manager initialized", "logger": "knowledge_updater.vector_db.manager", "level": "info", "timestamp": "2025-10-18T20:40:52.332803Z"}
2025-10-19 02:10:52,375 - knowledge_updater.embeddings.generator - INFO - {"text_count": 1, "embedding_count": 1, "generation_time": "0.042s", "avg_time_per_text": "0.042s", "event": "Embeddings generated successfully", "logger": "knowledge_updater.embeddings.generator", "level": "info", "timestamp": "2025-10-18T20:40:52.375327Z"}
2025-10-19 02:10:52,377 - knowledge_updater.vector_db.faiss_client - INFO - {"vectors_count": 55, "event": "Loaded existing FAISS index", "logger": "knowledge_updater.vector_db.faiss_client", "level": "info", "timestamp": "2025-10-18T20:40:52.377321Z"}
2025-10-19 02:10:52,377 - knowledge_updater.vector_db.faiss_client - INFO - {"persist_directory": "./data/faiss", "collection": "knowledge_base", "vectors_count": 55, "event": "FAISS client initialized", "logger": "knowledge_updater.vector_db.faiss_client", "level": "info", "timestamp": "2025-10-18T20:40:52.377321Z"}
2025-10-19 02:10:52,377 - knowledge_updater.embeddings.sentence_bert - INFO - {"model": "sentence-transformers/all-MiniLM-L6-v2", "event": "Loading Sentence-BERT model", "logger": "knowledge_updater.embeddings.sentence_bert", "level": "info", "timestamp": "2025-10-18T20:40:52.377321Z"}
2025-10-19 02:10:52,378 - sentence_transformers.SentenceTransformer - INFO - Load pretrained SentenceTransformer: sentence-transformers/all-MiniLM-L6-v2
2025-10-19 02:10:55,516 - knowledge_updater.embeddings.sentence_bert - INFO - {"model": "sentence-transformers/all-MiniLM-L6-v2", "device": "cpu", "event": "Sentence-BERT model loaded successfully", "logger": "knowledge_updater.embeddings.sentence_bert", "level": "info", "timestamp": "2025-10-18T20:40:55.516906Z"}
2025-10-19 02:10:55,516 - knowledge_updater.embeddings.sentence_bert - INFO - {"model": "sentence-transformers/all-MiniLM-L6-v2", "device": "cpu", "batch_size": 32, "event": "Sentence-BERT embeddings initialized", "logger": "knowledge_updater.embeddings.sentence_bert", "level": "info", "timestamp": "2025-10-18T20:40:55.516906Z"}
2025-10-19 02:10:55,517 - knowledge_updater.embeddings.generator - INFO - {"provider": "sentence_bert", "backend_type": "SentenceBERTEmbeddings", "event": "Embedding generator initialized", "logger": "knowledge_updater.embeddings.generator", "level": "info", "timestamp": "2025-10-18T20:40:55.517904Z"}
2025-10-19 02:10:55,517 - knowledge_updater.vector_db.manager - INFO - {"provider": "faiss", "collection": "knowledge_base", "event": "Vector database manager initialized", "logger": "knowledge_updater.vector_db.manager", "level": "info", "timestamp": "2025-10-18T20:40:55.517904Z"}
2025-10-19 02:10:55,517 - knowledge_updater.embeddings.sentence_bert - INFO - {"model": "sentence-transformers/all-MiniLM-L6-v2", "event": "Loading Sentence-BERT model", "logger": "knowledge_updater.embeddings.sentence_bert", "level": "info", "timestamp": "2025-10-18T20:40:55.517904Z"}
2025-10-19 02:10:55,519 - sentence_transformers.SentenceTransformer - INFO - Load pretrained SentenceTransformer: sentence-transformers/all-MiniLM-L6-v2
2025-10-19 02:10:59,543 - knowledge_updater.embeddings.sentence_bert - INFO - {"model": "sentence-transformers/all-MiniLM-L6-v2", "device": "cpu", "event": "Sentence-BERT model loaded successfully", "logger": "knowledge_updater.embeddings.sentence_bert", "level": "info", "timestamp": "2025-10-18T20:40:59.543710Z"}
2025-10-19 02:10:59,544 - knowledge_updater.embeddings.sentence_bert - INFO - {"model": "sentence-transformers/all-MiniLM-L6-v2", "device": "cpu", "batch_size": 32, "event": "Sentence-BERT embeddings initialized", "logger": "knowledge_updater.embeddings.sentence_bert", "level": "info", "timestamp": "2025-10-18T20:40:59.544708Z"}
2025-10-19 02:10:59,544 - knowledge_updater.embeddings.generator - INFO - {"provider": "sentence_bert", "backend_type": "SentenceBERTEmbeddings", "event": "Embedding generator initialized", "logger": "knowledge_updater.embeddings.generator", "level": "info", "timestamp": "2025-10-18T20:40:59.544708Z"}
2025-10-19 02:10:59,544 - knowledge_updater.query.enhancer - INFO - {"max_context_results": 5, "similarity_threshold": 0.5, "event": "Query enhancer initialized", "logger": "knowledge_updater.query.enhancer", "level": "info", "timestamp": "2025-10-18T20:40:59.544708Z"}
2025-10-19 02:10:59,594 - knowledge_updater.embeddings.generator - INFO - {"text_count": 1, "embedding_count": 1, "generation_time": "0.048s", "avg_time_per_text": "0.048s", "event": "Embeddings generated successfully", "logger": "knowledge_updater.embeddings.generator", "level": "info", "timestamp": "2025-10-18T20:40:59.594692Z"}
2025-10-19 02:10:59,599 - knowledge_updater.vector_db.manager - INFO - {"query_length": 56, "results_found": 10, "results_returned": 10, "query_time": "0.054s", "event": "Knowledge base query completed", "logger": "knowledge_updater.vector_db.manager", "level": "info", "timestamp": "2025-10-18T20:40:59.599692Z"}
2025-10-19 02:10:59,599 - knowledge_updater.query.enhancer - INFO - {"query_length": 32, "results_found": 1, "enhancement_time_ms": "54.0", "within_time_limit": true, "event": "Query enhancement completed", "logger": "knowledge_updater.query.enhancer", "level": "info", "timestamp": "2025-10-18T20:40:59.599692Z"}
